<?xml version="1.0" encoding="UTF-8"?>
<testng-results ignored="0" total="1" passed="1" failed="0" skipped="0">
  <reporter-output>
  </reporter-output>
  <suite started-at="2021-04-12T00:22:46 IST" name="Default suite" finished-at="2021-04-12T00:23:09 IST" duration-ms="23074">
    <groups>
    </groups>
    <test started-at="2021-04-12T00:22:46 IST" name="Default test" finished-at="2021-04-12T00:23:09 IST" duration-ms="23074">
      <class name="pom.tests.LaunchTest">
        <test-method signature="testLauchPage()[pri:0, instance:pom.tests.LaunchTest@1dac5ef]" started-at="2021-04-12T00:22:46 IST" name="testLauchPage" finished-at="2021-04-12T00:23:08 IST" duration-ms="22504" status="PASS">
          <reporter-output>
          </reporter-output>
        </test-method> <!-- testLauchPage -->
        <test-method is-config="true" signature="tearDwon()[pri:0, instance:pom.tests.LaunchTest@1dac5ef]" started-at="2021-04-12T00:23:08 IST" name="tearDwon" finished-at="2021-04-12T00:23:09 IST" duration-ms="499" status="PASS">
          <reporter-output>
          </reporter-output>
        </test-method> <!-- tearDwon -->
        <test-method is-config="true" signature="tearDown()[pri:0, instance:pom.tests.LaunchTest@1dac5ef]" started-at="2021-04-12T00:23:09 IST" name="tearDown" finished-at="2021-04-12T00:23:11 IST" duration-ms="2133" status="PASS">
          <reporter-output>
          </reporter-output>
        </test-method> <!-- tearDown -->
      </class> <!-- pom.tests.LaunchTest -->
    </test> <!-- Default test -->
  </suite> <!-- Default suite -->
</testng-results>
