<?xml version="1.0" encoding="UTF-8"?>
<testng-results ignored="0" total="1" passed="1" failed="0" skipped="0">
  <reporter-output>
  </reporter-output>
  <suite started-at="2021-04-12T23:16:11 IST" name="Maven POM practice" finished-at="2021-04-12T23:16:33 IST" duration-ms="22378">
    <groups>
    </groups>
    <test started-at="2021-04-12T23:16:11 IST" name="Test login Page launching" finished-at="2021-04-12T23:16:33 IST" duration-ms="22378">
      <class name="pom.tests.LaunchTest">
        <test-method signature="testLauchPage()[pri:0, instance:pom.tests.LaunchTest@3eb738bb]" started-at="2021-04-12T23:16:11 IST" name="testLauchPage" finished-at="2021-04-12T23:16:33 IST" duration-ms="21838" status="PASS">
          <reporter-output>
          </reporter-output>
        </test-method> <!-- testLauchPage -->
        <test-method is-config="true" signature="tearDwon()[pri:0, instance:pom.tests.LaunchTest@3eb738bb]" started-at="2021-04-12T23:16:33 IST" name="tearDwon" finished-at="2021-04-12T23:16:33 IST" duration-ms="484" status="PASS">
          <reporter-output>
          </reporter-output>
        </test-method> <!-- tearDwon -->
        <test-method is-config="true" signature="tearDown()[pri:0, instance:pom.tests.LaunchTest@3eb738bb]" started-at="2021-04-12T23:16:33 IST" name="tearDown" finished-at="2021-04-12T23:16:34 IST" duration-ms="218" status="PASS">
          <reporter-output>
          </reporter-output>
        </test-method> <!-- tearDown -->
      </class> <!-- pom.tests.LaunchTest -->
    </test> <!-- Test login Page launching -->
  </suite> <!-- Maven POM practice -->
</testng-results>
